
=== Tue Mar  8 08:45:10 2022

Packages were changed.
Update Mode: updateDependencies

The following packages were updated:
  com.unity.collab-proxy from version 1.5.7 to 1.15.7
  com.unity.ide.rider from version 3.0.7 to 3.0.9
  com.unity.ide.visualstudio from version 2.0.9 to 2.0.12
  com.unity.ide.vscode from version 1.2.3 to 1.2.4
  com.unity.test-framework from version 1.1.27 to 1.1.29
  com.unity.timeline from version 1.5.5 to 1.6.3

=== Sat Jan 21 18:25:52 2023

Packages were changed.
Update Mode: updateDependencies

The following packages were added:
  com.unity.ai.navigation@1.1.1
The following packages were updated:
  com.unity.collab-proxy from version 1.15.7 to 1.17.7
  com.unity.ide.rider from version 3.0.9 to 3.0.17
  com.unity.ide.visualstudio from version 2.0.12 to 2.0.17
  com.unity.ide.vscode from version 1.2.4 to 1.2.5
  com.unity.test-framework from version 1.1.29 to 1.1.33
  com.unity.timeline from version 1.6.3 to 1.7.2
